2023-06-13T12:19:23.550+0800	INFO	Hello go
2023-06-13T12:19:23.581+0800	INFO	server listen on:8090
2023-06-13T12:19:35.863+0800	INFO	Get gzh token
2023-06-13T12:19:36.302+0800	INFO	token:69_EvUN3jaFd390gp6iTby_2N_lH7vh1M-l25K9eLpzH7ciI0NTJGkmURlbCZIdVZ15Sl9lMZnPe1clTQaPYw3qiSJQ-OgqsLfI5gnpdr8j_GT-QlJrehs3FVt0eecFIFhAFAMPM
2023-06-13T12:19:36.589+0800	INFO	perf stat: url=[/bff/blogs/material-get], time used=[726], status=[200]
2023-06-13T12:21:40.628+0800	INFO	Shutdown Server ...
2023-06-13T12:21:40.628+0800	INFO	Server exist
2023-06-13T12:21:52.205+0800	INFO	Hello go
2023-06-13T12:21:52.236+0800	INFO	server listen on:8090
2023-06-13T12:22:17.138+0800	INFO	Get gzh token
2023-06-13T12:22:17.593+0800	INFO	token:69_5DzkqSy4-DEsafnSXe6UoQu1NoBIikmuHubJLYIB-10xNXAzhcvuROt7G42p2KWnzcEksCQ3T_J2Yl-qo7hk1S3NsaThC1Sse3KEQPVMroZzWe4e-Oro8uMK518OCYfAGADRN
2023-06-13T12:22:18.013+0800	INFO	perf stat: url=[/bff/blogs/material-get], time used=[874], status=[200]
2023-06-13T12:22:18.285+0800	INFO	perf stat: url=[], time used=[0], status=[404]
2023-06-13T12:22:55.043+0800	INFO	Shutdown Server ...
2023-06-13T12:22:55.044+0800	INFO	Server exist
2023-06-13T12:23:04.229+0800	INFO	Hello go
2023-06-13T12:23:04.263+0800	INFO	server listen on:8090
2023-06-13T12:23:16.580+0800	INFO	Get gzh token
2023-06-13T12:23:17.029+0800	INFO	token:69_60AKHFaUIuWOO5wdzGUiY3n5KjokFM0XfbczRzBiBcAxQrXZfDbTbrhqkp0CX5Hw1FToXBS69Ecnw8YoS4tqjCwaXKh-zLrANbKYA8ZYGg_Bhz2bZlGyePILA6MIOShABAYEI
2023-06-13T12:23:17.320+0800	INFO	perf stat: url=[/bff/blogs/material-get], time used=[740], status=[200]
2023-06-13T12:45:05.165+0800	INFO	Shutdown Server ...
2023-06-13T12:45:05.166+0800	INFO	Server exist
2023-06-13T13:03:55.827+0800	INFO	Hello go
2023-06-13T13:03:55.863+0800	INFO	server listen on:8090
2023-06-13T13:05:14.544+0800	INFO	Shutdown Server ...
2023-06-13T13:05:14.544+0800	INFO	Server exist
2023-06-13T13:05:26.846+0800	INFO	Hello go
2023-06-13T13:05:26.880+0800	INFO	server listen on:8090
2023-06-13T13:05:40.177+0800	INFO	Get gzh token
2023-06-13T13:05:40.647+0800	INFO	token:69_L2oWVU8xFlFxGrx26S-UO-IBNS41HAERV7mjB5pWt_haUYw4-VA4W14k9bgRWbSVm1umeDxO8TbJiLXSN00D-0G7H502fEAuZkZ-UaF2g8zqceS6ZyDC_ZHMuPICNWeAJAOZI
2023-06-13T13:05:40.931+0800	INFO	Decode failed:image: unknown format
2023-06-13T13:05:40.931+0800	INFO	perf stat: url=[/bff/blogs/material-get], time used=[754], status=[200]
2023-06-13T13:06:27.743+0800	INFO	Shutdown Server ...
2023-06-13T13:06:27.744+0800	INFO	Server exist
